Build started 5/31/2014 3:14:33 PM.
     1>Project "C:\Users\Matthew\Documents\GitHub\testgame\Project3\Project3.vcxproj" on node 2 (Build target(s)).
     1>Link:
         C:\Program Files (x86)\Microsoft Visual Studio 11.0\VC\bin\link.exe /ERRORREPORT:PROMPT /OUT:"C:\Users\Matthew\Documents\GitHub\testgame\Release\ThirdTime.exe" /NOLOGO GLFW.lib glew32d.lib opengl32.lib kernel32.lib user32.lib glu32.lib kernel32.lib user32.lib gdi32.lib winspool.lib comdlg32.lib advapi32.lib shell32.lib ole32.lib oleaut32.lib uuid.lib odbc32.lib odbccp32.lib /MANIFEST /MANIFESTUAC:"level='asInvoker' uiAccess='false'" /manifest:embed /DEBUG /PDB:"C:\Users\Matthew\Documents\GitHub\testgame\Release\ThirdTime.pdb" /OPT:REF /OPT:ICF /LTCG /TLBID:1 /DYNAMICBASE /NXCOMPAT /IMPLIB:"C:\Users\Matthew\Documents\GitHub\testgame\Release\ThirdTime.lib" /MACHINE:X86 /SAFESEH Release\Camera.obj
         Release\Entity.obj
         Release\EntityManager.obj
         Release\Game.obj
         Release\Input.obj
         Release\main.obj
         Release\Screen.obj
         Release\ScreenManager.obj
     1>LINK : warning LNK4098: defaultlib 'LIBCMT' conflicts with use of other libs; use /NODEFAULTLIB:library
         Generating code
         Finished generating code
     1>GLFW.lib(enable.obj) : warning LNK4099: PDB 'vc110.pdb' was not found with 'GLFW.lib(enable.obj)' or at 'C:\Users\Matthew\Documents\GitHub\testgame\Release\vc110.pdb'; linking object as if no debug info
     1>GLFW.lib(glext.obj) : warning LNK4099: PDB 'vc110.pdb' was not found with 'GLFW.lib(glext.obj)' or at 'C:\Users\Matthew\Documents\GitHub\testgame\Release\vc110.pdb'; linking object as if no debug info
     1>GLFW.lib(init.obj) : warning LNK4099: PDB 'vc110.pdb' was not found with 'GLFW.lib(init.obj)' or at 'C:\Users\Matthew\Documents\GitHub\testgame\Release\vc110.pdb'; linking object as if no debug info
     1>GLFW.lib(input.obj) : warning LNK4099: PDB 'vc110.pdb' was not found with 'GLFW.lib(input.obj)' or at 'C:\Users\Matthew\Documents\GitHub\testgame\Release\vc110.pdb'; linking object as if no debug info
     1>GLFW.lib(time.obj) : warning LNK4099: PDB 'vc110.pdb' was not found with 'GLFW.lib(time.obj)' or at 'C:\Users\Matthew\Documents\GitHub\testgame\Release\vc110.pdb'; linking object as if no debug info
     1>GLFW.lib(win32_enable.obj) : warning LNK4099: PDB 'vc110.pdb' was not found with 'GLFW.lib(win32_enable.obj)' or at 'C:\Users\Matthew\Documents\GitHub\testgame\Release\vc110.pdb'; linking object as if no debug info
     1>GLFW.lib(win32_fullscreen.obj) : warning LNK4099: PDB 'vc110.pdb' was not found with 'GLFW.lib(win32_fullscreen.obj)' or at 'C:\Users\Matthew\Documents\GitHub\testgame\Release\vc110.pdb'; linking object as if no debug info
     1>GLFW.lib(win32_glext.obj) : warning LNK4099: PDB 'vc110.pdb' was not found with 'GLFW.lib(win32_glext.obj)' or at 'C:\Users\Matthew\Documents\GitHub\testgame\Release\vc110.pdb'; linking object as if no debug info
     1>GLFW.lib(win32_init.obj) : warning LNK4099: PDB 'vc110.pdb' was not found with 'GLFW.lib(win32_init.obj)' or at 'C:\Users\Matthew\Documents\GitHub\testgame\Release\vc110.pdb'; linking object as if no debug info
     1>GLFW.lib(win32_time.obj) : warning LNK4099: PDB 'vc110.pdb' was not found with 'GLFW.lib(win32_time.obj)' or at 'C:\Users\Matthew\Documents\GitHub\testgame\Release\vc110.pdb'; linking object as if no debug info
     1>GLFW.lib(win32_window.obj) : warning LNK4099: PDB 'vc110.pdb' was not found with 'GLFW.lib(win32_window.obj)' or at 'C:\Users\Matthew\Documents\GitHub\testgame\Release\vc110.pdb'; linking object as if no debug info
     1>GLFW.lib(window.obj) : warning LNK4099: PDB 'vc110.pdb' was not found with 'GLFW.lib(window.obj)' or at 'C:\Users\Matthew\Documents\GitHub\testgame\Release\vc110.pdb'; linking object as if no debug info
         Project3.vcxproj -> C:\Users\Matthew\Documents\GitHub\testgame\Release\ThirdTime.exe
     1>Done Building Project "C:\Users\Matthew\Documents\GitHub\testgame\Project3\Project3.vcxproj" (Build target(s)).

Build succeeded.

Time Elapsed 00:00:02.75
